<?xml version="1.0" encoding="UTF-8" ?>
<testsuite errors="0" failures="0" hostname="Bidion-PC" name="fr.isen.tetris.TestShape" skipped="0" tests="1" time="0.039" timestamp="2017-01-20T13:29:34">
  <properties>
    <property name="java.vendor" value="Oracle Corporation" />
    <property name="lib.dir" value="C:\DEV\WorkspaceSTS\Tetris\lib" />
    <property name="sun.java.launcher" value="SUN_STANDARD" />
    <property name="eclipse.pdebuild.templates" value="/C:/DEV/Eclipse-Spring/sts-3.6.2.RELEASE/plugins/org.eclipse.pde.build_3.9.0.v20140415-2029/templates/" />
    <property name="sun.management.compiler" value="HotSpot 64-Bit Tiered Compilers" />
    <property name="os.name" value="Windows 7" />
    <property name="sun.boot.class.path" value="C:\Program Files\Java\jre1.8.0_111\lib\resources.jar;C:\Program Files\Java\jre1.8.0_111\lib\rt.jar;C:\Program Files\Java\jre1.8.0_111\lib\sunrsasign.jar;C:\Program Files\Java\jre1.8.0_111\lib\jsse.jar;C:\Program Files\Java\jre1.8.0_111\lib\jce.jar;C:\Program Files\Java\jre1.8.0_111\lib\charsets.jar;C:\Program Files\Java\jre1.8.0_111\lib\jfr.jar;C:\Program Files\Java\jre1.8.0_111\classes" />
    <property name="sun.desktop" value="windows" />
    <property name="java.vm.specification.vendor" value="Oracle Corporation" />
    <property name="ant.home" value="C:\Outils\apache-ant-1.9.8" />
    <property name="java.runtime.version" value="1.8.0_111-b14" />
    <property name="user.name" value="DOSI" />
    <property name="ant.file.type.fr.ubo.Tetris" value="file" />
    <property name="build.dir" value="C:\DEV\WorkspaceSTS\Tetris/build" />
    <property name="user.language" value="fr" />
    <property name="sun.boot.library.path" value="C:\Program Files\Java\jre1.8.0_111\bin" />
    <property name="ant.project.default-target" value="all" />
    <property name="ant.project.name" value="fr.ubo.Tetris" />
    <property name="java.version" value="1.8.0_111" />
    <property name="user.timezone" value="" />
    <property name="sun.arch.data.model" value="64" />
    <property name="compile.optimize" value="true" />
    <property name="java.endorsed.dirs" value="C:\Program Files\Java\jre1.8.0_111\lib\endorsed" />
    <property name="sun.cpu.isalist" value="amd64" />
    <property name="sun.jnu.encoding" value="Cp1252" />
    <property name="file.encoding.pkg" value="sun.io" />
    <property name="file.separator" value="\" />
    <property name="java.specification.name" value="Java Platform API Specification" />
    <property name="java.class.version" value="52.0" />
    <property name="user.country" value="FR" />
    <property name="java.home" value="C:\Program Files\Java\jre1.8.0_111" />
    <property name="dist.dir" value="C:\DEV\WorkspaceSTS\Tetris/dist" />
    <property name="java.vm.info" value="mixed mode" />
    <property name="ant.file" value="C:\DEV\WorkspaceSTS\Tetris\build.xml" />
    <property name="os.version" value="6.1" />
    <property name="path.separator" value=";" />
    <property name="java.vm.version" value="25.111-b14" />
    <property name="user.variant" value="" />
    <property name="ant.library.dir" value="C:\Outils\apache-ant-1.9.8\lib" />
    <property name="junit.output.dir" value="C:\DEV\WorkspaceSTS\Tetris/junit" />
    <property name="java.awt.printerjob" value="sun.awt.windows.WPrinterJob" />
    <property name="sun.io.unicode.encoding" value="UnicodeLittle" />
    <property name="awt.toolkit" value="sun.awt.windows.WToolkit" />
    <property name="user.script" value="" />
    <property name="eclipse.pdebuild.scripts" value="/C:/DEV/Eclipse-Spring/sts-3.6.2.RELEASE/plugins/org.eclipse.pde.build_3.9.0.v20140415-2029/scripts/" />
    <property name="user.home" value="C:\Users\DOSI" />
    <property name="java.specification.vendor" value="Oracle Corporation" />
    <property name="test.dir" value="C:\DEV\WorkspaceSTS\Tetris\test" />
    <property name="java.library.path" value="C:\Program Files\Java\jre1.8.0_111\bin;C:\Windows\Sun\Java\bin;C:\Windows\system32;C:\Windows;C:/Program Files/Java/jre1.8.0_111/bin/server;C:/Program Files/Java/jre1.8.0_111/bin;C:/Program Files/Java/jre1.8.0_111/lib/amd64;C:\oraclexe\app\oracle\product\11.2.0\server\bin;C:\ProgramData\Oracle\Java\javapath;C:\Program Files (x86)\Intel\iCLS Client\;C:\Program Files\Intel\iCLS Client\;C:\Windows\system32;C:\Windows;C:\Windows\System32\Wbem;C:\Windows\System32\WindowsPowerShell\v1.0\;C:\Program Files\Intel\WiFi\bin\;C:\Program Files\Common Files\Intel\WirelessCommon\;C:\Program Files (x86)\Intel\OpenCL SDK\3.0\bin\x86;C:\Program Files (x86)\Intel\OpenCL SDK\3.0\bin\x64;C:\Program Files\Intel\Intel(R) Management Engine Components\DAL;C:\Program Files\Intel\Intel(R) Management Engine Components\IPT;C:\Program Files (x86)\Intel\Intel(R) Management Engine Components\DAL;C:\Program Files (x86)\Intel\Intel(R) Management Engine Components\IPT;C:\Program Files (x86)\nodejs\;C:\DEV\Android\sdk\platform-tools;C:\DEV\Android\sdk\tools;C:\DEV\Tools\apache-ant-1.9.4\bin;C:\Program Files (x86)\MySQL\MySQL Utilities 1.4\;C:\Program Files (x86)\MySQL\MySQL Utilities 1.4\Doctrine extensions for PHP\;C:\Program Files\TortoiseSVN\bin;C:\Program Files\Git\cmd;C:\DEV\Eclipse-Spring\sts-3.6.2.RELEASE;;." />
    <property name="java.vendor.url" value="http://java.oracle.com/" />
    <property name="java.vm.vendor" value="Oracle Corporation" />
    <property name="java.runtime.name" value="Java(TM) SE Runtime Environment" />
    <property name="sun.java.command" value="org.apache.tools.ant.taskdefs.optional.junit.JUnitTestRunner fr.isen.tetris.TestShape skipNonTests=false filtertrace=true haltOnError=false haltOnFailure=false formatter=org.apache.tools.ant.taskdefs.optional.junit.OutErrSummaryJUnitResultFormatter showoutput=false outputtoformatters=true logfailedtests=true threadid=0 logtestlistenerevents=false formatter=org.apache.tools.ant.taskdefs.optional.junit.XMLJUnitResultFormatter,C:\DEV\WorkspaceSTS\Tetris\junit\TEST-fr.isen.tetris.TestShape.xml crashfile=C:\DEV\WorkspaceSTS\Tetris\junitvmwatcher4787889143728808046.properties propsfile=C:\DEV\WorkspaceSTS\Tetris\junit2084115639907227444.properties" />
    <property name="java.class.path" value="C:\DEV\WorkspaceSTS\Tetris\build;C:\DEV\WorkspaceSTS\Tetris\lib\commons-lang3-3.5.jar;C:\DEV\WorkspaceSTS\Tetris\lib\hamcrest-core-1.3.jar;C:\DEV\WorkspaceSTS\Tetris\lib\junit-4.12.jar;C:\Outils\apache-ant-1.9.8\lib\ant-launcher.jar;C:\Outils\apache-ant-1.9.8\lib\ant.jar;C:\Outils\apache-ant-1.9.8\lib\ant-junit.jar;C:\Outils\apache-ant-1.9.8\lib\ant-junit4.jar" />
    <property name="ant.version" value="Apache Ant(TM) version 1.9.8 compiled on December 25 2016" />
    <property name="app.name" value="Tetris" />
    <property name="java.vm.specification.name" value="Java Virtual Machine Specification" />
    <property name="java.vm.specification.version" value="1.8" />
    <property name="sun.cpu.endian" value="little" />
    <property name="sun.os.patch.level" value="Service Pack 1" />
    <property name="compile.debug" value="true" />
    <property name="eclipse.pdebuild.home" value="/C:/DEV/Eclipse-Spring/sts-3.6.2.RELEASE/plugins/org.eclipse.pde.build_3.9.0.v20140415-2029/./" />
    <property name="java.io.tmpdir" value="C:\Users\DOSI\AppData\Local\Temp\" />
    <property name="java.vendor.url.bug" value="http://bugreport.sun.com/bugreport/" />
    <property name="os.arch" value="amd64" />
    <property name="java.awt.graphicsenv" value="sun.awt.Win32GraphicsEnvironment" />
    <property name="java.ext.dirs" value="C:\Program Files\Java\jre1.8.0_111\lib\ext;C:\Windows\Sun\Java\lib\ext" />
    <property name="user.dir" value="C:\DEV\WorkspaceSTS\Tetris" />
    <property name="line.separator" value="&#xd;&#xa;" />
    <property name="java.vm.name" value="Java HotSpot(TM) 64-Bit Server VM" />
    <property name="compile.deprecation" value="false" />
    <property name="basedir" value="C:\DEV\WorkspaceSTS\Tetris" />
    <property name="ant.java.version" value="1.8" />
    <property name="ant.core.lib" value="C:\Outils\apache-ant-1.9.8\lib\ant.jar" />
    <property name="file.encoding" value="Cp1252" />
    <property name="java.specification.version" value="1.8" />
    <property name="src.dir" value="C:\DEV\WorkspaceSTS\Tetris\src" />
    <property name="ant.project.invoked-targets" value="run-tests" />
    <property name="ant.file.fr.ubo.Tetris" value="C:\DEV\WorkspaceSTS\Tetris\build.xml" />
  </properties>
  <testcase classname="fr.isen.tetris.TestShape" name="setRandomShape" time="0.0" />
  <system-out><![CDATA[]]></system-out>
  <system-err><![CDATA[]]></system-err>
</testsuite>
