<?xml version="1.0" encoding="UTF-8" ?>
<testsuite errors="0" failures="0" hostname="DESKTOP-45UMB69" name="fr.ubo.tetris.TestShape" skipped="0" tests="1" time="0.188" timestamp="2021-10-08T11:06:12">
  <properties>
    <property name="java.vendor" value="Oracle Corporation" />
    <property name="sun.java.launcher" value="SUN_STANDARD" />
    <property name="sun.management.compiler" value="HotSpot 64-Bit Tiered Compilers" />
    <property name="os.name" value="Windows 10" />
    <property name="sun.boot.class.path" value="C:\Program Files\Java\jdk1.8.0_251\jre\lib\resources.jar;C:\Program Files\Java\jdk1.8.0_251\jre\lib\rt.jar;C:\Program Files\Java\jdk1.8.0_251\jre\lib\sunrsasign.jar;C:\Program Files\Java\jdk1.8.0_251\jre\lib\jsse.jar;C:\Program Files\Java\jdk1.8.0_251\jre\lib\jce.jar;C:\Program Files\Java\jdk1.8.0_251\jre\lib\charsets.jar;C:\Program Files\Java\jdk1.8.0_251\jre\lib\jfr.jar;C:\Program Files\Java\jdk1.8.0_251\jre\classes" />
    <property name="sun.desktop" value="windows" />
    <property name="java.vm.specification.vendor" value="Oracle Corporation" />
    <property name="ant.home" value="C:/Users/user/Downloads/apache-ant-1.9.6" />
    <property name="java.runtime.version" value="1.8.0_251-b08" />
    <property name="ant.file.type.Compilation de Tetris" value="file" />
    <property name="user.name" value="user" />
    <property name="Built-By" value="Youssef CHARFI" />
    <property name="user.language" value="fr" />
    <property name="sun.boot.library.path" value="C:\Program Files\Java\jdk1.8.0_251\jre\bin" />
    <property name="ant.project.default-target" value="dist" />
    <property name="doc.dir" value="javadoc" />
    <property name="ant.project.name" value="Compilation de Tetris" />
    <property name="java.version" value="1.8.0_251" />
    <property name="user.timezone" value="" />
    <property name="sun.arch.data.model" value="64" />
    <property name="java.endorsed.dirs" value="C:\Program Files\Java\jdk1.8.0_251\jre\lib\endorsed" />
    <property name="sun.cpu.isalist" value="amd64" />
    <property name="sun.jnu.encoding" value="Cp1252" />
    <property name="file.encoding.pkg" value="sun.io" />
    <property name="file.separator" value="\" />
    <property name="java.specification.name" value="Java Platform API Specification" />
    <property name="java.class.version" value="52.0" />
    <property name="user.country" value="FR" />
    <property name="java.home" value="C:\Program Files\Java\jdk1.8.0_251\jre" />
    <property name="java.vm.info" value="mixed mode" />
    <property name="ant.file" value="C:\Users\user\Downloads\TetrisAnt\build.xml" />
    <property name="os.version" value="10.0" />
    <property name="test.reports" value="test-reports" />
    <property name="Implementation-Version" value="1.0.0" />
    <property name="path.separator" value=";" />
    <property name="test.results.dir" value="test-results" />
    <property name="java.vm.version" value="25.251-b08" />
    <property name="user.variant" value="" />
    <property name="ant.library.dir" value="C:/Users/user/Downloads/apache-ant-1.9.6/lib" />
    <property name="java.awt.printerjob" value="sun.awt.windows.WPrinterJob" />
    <property name="Main-Class" value="fr.ubo.tetris.Tetris" />
    <property name="sun.io.unicode.encoding" value="UnicodeLittle" />
    <property name="awt.toolkit" value="sun.awt.windows.WToolkit" />
    <property name="sun.stdout.encoding" value="cp850" />
    <property name="user.script" value="" />
    <property name="user.home" value="C:\Users\user" />
    <property name="java.specification.vendor" value="Oracle Corporation" />
    <property name="java.library.path" value="C:\Program Files\Java\jdk1.8.0_251\jre\bin;C:\WINDOWS\Sun\Java\bin;C:\WINDOWS\system32;C:\WINDOWS;C:\Users\user\bin;C:\Program Files\Git\mingw64\bin;C:\Program Files\Git\usr\local\bin;C:\Program Files\Git\usr\bin;C:\Program Files\Git\usr\bin;C:\Program Files\Git\mingw64\bin;C:\Program Files\Git\usr\bin;C:\Users\user\bin;C:\Users\user\.p2\pool\plugins\org.eclipse.justj.openjdk.hotspot.jre.full.win32.x86_64_16.0.2.v20210721-1149\jre\bin\server;C:\Users\user\.p2\pool\plugins\org.eclipse.justj.openjdk.hotspot.jre.full.win32.x86_64_16.0.2.v20210721-1149\jre\bin;C:\Program Files (x86)\VMware\VMware Workstation\bin;C:\Program Files (x86)\Common Files\Oracle\Java\javapath;C:\App\WINDOWS.X64_193000_db_home\bin;C:\Users\user\Downloads\oracle\bin;C:\WINDOWS\system32;C:\WINDOWS;C:\WINDOWS\System32\Wbem;C:\WINDOWS\System32\WindowsPowerShell\v1.0;C:\WINDOWS\System32\OpenSSH;C:\Program Files\nodejs;C:\Program Files\Git\cmd;C:\xampp\php;C:\ProgramData\ComposerSetup\bin;C:\Program Files\MongoDB\Server\4.4\bin;C:\Program Files\dotnet;C:\Program Files\Microsoft SQL Server\Client SDK\ODBC\170\Tools\Binn;C:\Program Files (x86)\Microsoft SQL Server\150\Tools\Binn;C:\Program Files\Microsoft SQL Server\150\Tools\Binn;C:\Program Files\Microsoft SQL Server\150\DTS\Binn;C:\Program Files\Microsoft SQL Server\130\Tools\Binn;C:\Program Files (x86)\Microsoft SQL Server\150\DTS\Binn;C:\Program Files\Azure Data Studio\bin;C:\Program Files\Docker\Docker\resources\bin;C:\ProgramData\DockerDesktop\version-bin;C:\Python27;C:\Cassandra\apache-cassandra-3.11.6\bin;C:\Program Files\Java\jdk1.8.0_251\bin;C:\Users\user\Downloads\apache-ant-1.9.6\bin;C:\Users\user\AppData\Roaming\npm;C:\Users\user\AppData\Local\Programs\Microsoft VS Code\bin;C:\Users\user\AppData\Roaming\Composer\vendor\bin;C:\Program Files\JetBrains\IntelliJ IDEA Community Edition 2020.2.2\folder\bin;C:\Users\user\.dotnet\tools;C:\Program Files\Azure Data Studio\bin;C:\WINDOWS\system32;C:\Program Files\Git\usr\bin\vendor_perl;C:\Program Files\Git\usr\bin\core_perl;." />
    <property name="java.vendor.url" value="http://java.oracle.com/" />
    <property name="java.vm.vendor" value="Oracle Corporation" />
    <property name="java.runtime.name" value="Java(TM) SE Runtime Environment" />
    <property name="sun.java.command" value="org.apache.tools.ant.launch.Launcher -cp  test" />
    <property name="java.class.path" value="C:/Users/user/Downloads/apache-ant-1.9.6/lib/ant-launcher.jar;C:\Users\user\.ant\lib\ivy-2.4.0.jar;C:\Users\user\Downloads\apache-ant-1.9.6\lib\ant-antlr.jar;C:\Users\user\Downloads\apache-ant-1.9.6\lib\ant-apache-bcel.jar;C:\Users\user\Downloads\apache-ant-1.9.6\lib\ant-apache-bsf.jar;C:\Users\user\Downloads\apache-ant-1.9.6\lib\ant-apache-log4j.jar;C:\Users\user\Downloads\apache-ant-1.9.6\lib\ant-apache-oro.jar;C:\Users\user\Downloads\apache-ant-1.9.6\lib\ant-apache-regexp.jar;C:\Users\user\Downloads\apache-ant-1.9.6\lib\ant-apache-resolver.jar;C:\Users\user\Downloads\apache-ant-1.9.6\lib\ant-apache-xalan2.jar;C:\Users\user\Downloads\apache-ant-1.9.6\lib\ant-commons-logging.jar;C:\Users\user\Downloads\apache-ant-1.9.6\lib\ant-commons-net.jar;C:\Users\user\Downloads\apache-ant-1.9.6\lib\ant-jai.jar;C:\Users\user\Downloads\apache-ant-1.9.6\lib\ant-javamail.jar;C:\Users\user\Downloads\apache-ant-1.9.6\lib\ant-jdepend.jar;C:\Users\user\Downloads\apache-ant-1.9.6\lib\ant-jmf.jar;C:\Users\user\Downloads\apache-ant-1.9.6\lib\ant-jsch.jar;C:\Users\user\Downloads\apache-ant-1.9.6\lib\ant-junit.jar;C:\Users\user\Downloads\apache-ant-1.9.6\lib\ant-junit4.jar;C:\Users\user\Downloads\apache-ant-1.9.6\lib\ant-launcher.jar;C:\Users\user\Downloads\apache-ant-1.9.6\lib\ant-netrexx.jar;C:\Users\user\Downloads\apache-ant-1.9.6\lib\ant-swing.jar;C:\Users\user\Downloads\apache-ant-1.9.6\lib\ant-testutil.jar;C:\Users\user\Downloads\apache-ant-1.9.6\lib\ant.jar;C:\Users\user\Downloads\apache-ant-1.9.6\lib\ivy-2.4.0.jar;C:\Program Files\Java\jdk1.8.0_251\lib\tools.jar" />
    <property name="ant.version" value="Apache Ant(TM) version 1.9.6 compiled on June 29 2015" />
    <property name="java.vm.specification.name" value="Java Virtual Machine Specification" />
    <property name="ant.file.type" value="file" />
    <property name="java.vm.specification.version" value="1.8" />
    <property name="sun.cpu.endian" value="little" />
    <property name="sun.os.patch.level" value="" />
    <property name="java.io.tmpdir" value="C:\Users\user\AppData\Local\Temp\" />
    <property name="java.vendor.url.bug" value="http://bugreport.sun.com/bugreport/" />
    <property name="os.arch" value="amd64" />
    <property name="java.awt.graphicsenv" value="sun.awt.Win32GraphicsEnvironment" />
    <property name="java.ext.dirs" value="C:\Program Files\Java\jdk1.8.0_251\jre\lib\ext;C:\WINDOWS\Sun\Java\lib\ext" />
    <property name="user.dir" value="C:\Users\user\Downloads\TetrisAnt" />
    <property name="ant.file.Compilation de Tetris" value="C:\Users\user\Downloads\TetrisAnt\build.xml" />
    <property name="line.separator" value="&#xd;&#xa;" />
    <property name="java.vm.name" value="Java HotSpot(TM) 64-Bit Server VM" />
    <property name="basedir" value="C:\Users\user\Downloads\TetrisAnt" />
    <property name="ant.java.version" value="1.8" />
    <property name="ant.core.lib" value="C:\Users\user\Downloads\apache-ant-1.9.6\lib\ant.jar" />
    <property name="file.encoding" value="Cp1252" />
    <property name="sun.stderr.encoding" value="cp850" />
    <property name="Class-Path" value="lib/commons-lang3-3.5.jar" />
    <property name="java.specification.version" value="1.8" />
    <property name="ant.project.invoked-targets" value="test" />
  </properties>
  <testcase classname="fr.ubo.tetris.TestShape" name="setRandomShape" time="0.0" />
  <system-out><![CDATA[]]></system-out>
  <system-err><![CDATA[]]></system-err>
</testsuite>
